<?xml version="1.0" encoding="UTF-8"?>
<testng-results ignored="0" total="0" passed="0" failed="0" skipped="0">
  <reporter-output>
  </reporter-output>
  <suite started-at="2021-04-19T18:44:27 BST" name="SelniumTests.TestBase" finished-at="2021-04-19T18:44:32 BST" duration-ms="5500">
    <groups>
    </groups>
    <test started-at="2021-04-19T18:44:27 BST" name="Command line test" finished-at="2021-04-19T18:44:32 BST" duration-ms="5500">
      <class name="SelniumTests.TestBase">
        <test-method is-config="true" signature="beforeTest()[pri:0, instance:SelniumTests.TestBase@68ceda24]" started-at="2021-04-19T18:44:27 BST" name="beforeTest" finished-at="2021-04-19T18:44:28 BST" duration-ms="507" status="PASS">
          <reporter-output>
          </reporter-output>
        </test-method> <!-- beforeTest -->
        <test-method is-config="true" signature="afterTest()[pri:0, instance:SelniumTests.TestBase@68ceda24]" started-at="2021-04-19T18:44:28 BST" name="afterTest" finished-at="2021-04-19T18:44:32 BST" duration-ms="4956" status="PASS">
          <reporter-output>
          </reporter-output>
        </test-method> <!-- afterTest -->
      </class> <!-- SelniumTests.TestBase -->
    </test> <!-- Command line test -->
  </suite> <!-- SelniumTests.TestBase -->
</testng-results>
