<?xml version="1.0" encoding="UTF-8"?>
<testng-results ignored="0" total="0" passed="0" failed="0" skipped="0">
  <reporter-output>
  </reporter-output>
  <suite started-at="2021-04-29T22:14:22 BST" name="SelniumTests.TestBase" finished-at="2021-04-29T22:14:26 BST" duration-ms="3358">
    <groups>
    </groups>
    <test started-at="2021-04-29T22:14:22 BST" name="Command line test" finished-at="2021-04-29T22:14:26 BST" duration-ms="3358">
      <class name="SelniumTests.TestBase">
        <test-method is-config="true" signature="beforeTest()[pri:0, instance:SelniumTests.TestBase@35a50a4c]" started-at="2021-04-29T22:14:22 BST" name="beforeTest" finished-at="2021-04-29T22:14:23 BST" duration-ms="186" status="PASS">
          <reporter-output>
          </reporter-output>
        </test-method> <!-- beforeTest -->
        <test-method is-config="true" signature="afterTest()[pri:0, instance:SelniumTests.TestBase@35a50a4c]" started-at="2021-04-29T22:14:23 BST" name="afterTest" finished-at="2021-04-29T22:14:26 BST" duration-ms="3162" status="PASS">
          <reporter-output>
          </reporter-output>
        </test-method> <!-- afterTest -->
      </class> <!-- SelniumTests.TestBase -->
    </test> <!-- Command line test -->
  </suite> <!-- SelniumTests.TestBase -->
</testng-results>
